C:\USERS\CZH\DESKTOP\研究\ANY CODE INFORMATION\程式作業\HW3\HW3FINISH_VERSION2\HW3FINISH_VERSION2.EXE
C:\USERS\CZH\DESKTOP\研究\ANY CODE INFORMATION\程式作業\HW3\HW3FINISH_VERSION2\HW3FINISH_VERSION2.ILK
C:\USERS\CZH\DESKTOP\研究\ANY CODE INFORMATION\程式作業\HW3\HW3FINISH_VERSION2\HW3FINISH_VERSION2.PDB
C:\Users\czh\Desktop\研究\any code information\程式作業\HW3\HW3Finish_version2\HW3Finish_version2\Debug\cl.command.1.tlog
C:\Users\czh\Desktop\研究\any code information\程式作業\HW3\HW3Finish_version2\HW3Finish_version2\Debug\CL.read.1.tlog
C:\Users\czh\Desktop\研究\any code information\程式作業\HW3\HW3Finish_version2\HW3Finish_version2\Debug\CL.write.1.tlog
C:\Users\czh\Desktop\研究\any code information\程式作業\HW3\HW3Finish_version2\HW3Finish_version2\Debug\custombuild.command.1.tlog
C:\Users\czh\Desktop\研究\any code information\程式作業\HW3\HW3Finish_version2\HW3Finish_version2\Debug\custombuild.read.1.tlog
C:\Users\czh\Desktop\研究\any code information\程式作業\HW3\HW3Finish_version2\HW3Finish_version2\Debug\custombuild.write.1.tlog
C:\USERS\CZH\DESKTOP\研究\ANY CODE INFORMATION\程式作業\HW3\HW3FINISH_VERSION2\HW3FINISH_VERSION2\DEBUG\HW3FINISH_VERSION2.EXE.INTERMEDIATE.MANIFEST
C:\USERS\CZH\DESKTOP\研究\ANY CODE INFORMATION\程式作業\HW3\HW3FINISH_VERSION2\HW3FINISH_VERSION2\DEBUG\HW3FINISH_VERSION2.OBJ
C:\Users\czh\Desktop\研究\any code information\程式作業\HW3\HW3Finish_version2\HW3Finish_version2\Debug\HW3Finish_version2.write.1.tlog
C:\Users\czh\Desktop\研究\any code information\程式作業\HW3\HW3Finish_version2\HW3Finish_version2\Debug\link.command.1.tlog
C:\Users\czh\Desktop\研究\any code information\程式作業\HW3\HW3Finish_version2\HW3Finish_version2\Debug\link.read.1.tlog
C:\Users\czh\Desktop\研究\any code information\程式作業\HW3\HW3Finish_version2\HW3Finish_version2\Debug\link.write.1.tlog
C:\USERS\CZH\DESKTOP\研究\ANY CODE INFORMATION\程式作業\HW3\HW3FINISH_VERSION2\HW3FINISH_VERSION2\DEBUG\MAIN.OBJ
C:\USERS\CZH\DESKTOP\研究\ANY CODE INFORMATION\程式作業\HW3\HW3FINISH_VERSION2\HW3FINISH_VERSION2\DEBUG\MOC_HW3FINISH_VERSION2.OBJ
C:\Users\czh\Desktop\研究\any code information\程式作業\HW3\HW3Finish_version2\HW3Finish_version2\Debug\mt.command.1.tlog
C:\Users\czh\Desktop\研究\any code information\程式作業\HW3\HW3Finish_version2\HW3Finish_version2\Debug\mt.read.1.tlog
C:\Users\czh\Desktop\研究\any code information\程式作業\HW3\HW3Finish_version2\HW3Finish_version2\Debug\mt.write.1.tlog
C:\USERS\CZH\DESKTOP\研究\ANY CODE INFORMATION\程式作業\HW3\HW3FINISH_VERSION2\HW3FINISH_VERSION2\DEBUG\QRC_HW3FINISH_VERSION2.OBJ
C:\USERS\CZH\DESKTOP\研究\ANY CODE INFORMATION\程式作業\HW3\HW3FINISH_VERSION2\HW3FINISH_VERSION2\DEBUG\VC100.PDB
C:\USERS\CZH\DESKTOP\研究\ANY CODE INFORMATION\程式作業\HW3\HW3FINISH_VERSION2\HW3FINISH_VERSION2\GENERATEDFILES\DEBUG\MOC_HW3FINISH_VERSION2.CPP
C:\USERS\CZH\DESKTOP\研究\ANY CODE INFORMATION\程式作業\HW3\HW3FINISH_VERSION2\HW3FINISH_VERSION2\GENERATEDFILES\QRC_HW3FINISH_VERSION2.CPP
C:\USERS\CZH\DESKTOP\研究\ANY CODE INFORMATION\程式作業\HW3\HW3FINISH_VERSION2\HW3FINISH_VERSION2\GENERATEDFILES\UI_HW3FINISH_VERSION2.H
